<?xml version="1.0" encoding="utf-8"?><testsuites name="pytest tests"><testsuite name="pytest" errors="0" failures="0" skipped="0" tests="1" time="0.012" timestamp="2025-09-02T13:33:05.085212-07:00" hostname="mac.lan"><testcase classname="tests.audit.test_audit_package" name="test_audit_package_acceptance" time="0.002" /></testsuite></testsuites>