<?xml version="1.0" encoding="utf-8"?><testsuites name="pytest tests"><testsuite name="pytest" errors="0" failures="0" skipped="0" tests="10" time="0.010" timestamp="2025-09-02T09:16:31.156596-07:00" hostname="mac.lan"><testcase classname="tests.golden_cases.test_indicators" name="test_g001_amount_exactness" time="0.000" /><testcase classname="tests.golden_cases.test_indicators" name="test_g002_memo_preservation" time="0.000" /><testcase classname="tests.golden_cases.test_indicators" name="test_g003_link_literal" time="0.000" /><testcase classname="tests.golden_cases.test_indicators" name="test_g010_category_source_check" time="0.000" /><testcase classname="tests.golden_cases.test_negatives_noise.TestNegativesNoise" name="test_no_phone_on_ocr_artifacts" time="0.000" /><testcase classname="tests.golden_cases.test_negatives_noise.TestNegativesNoise" name="test_keyword_not_promoted" time="0.000" /><testcase classname="tests.golden_cases.test_negatives_noise.TestNegativesNoise" name="test_domain_trailing_punct_display_only" time="0.000" /><testcase classname="tests.golden_cases.test_negatives_noise.TestNegativesNoise" name="test_phone_quality_filters" time="0.000" /><testcase classname="tests.golden_cases.test_negatives_noise.TestNegativesNoise" name="test_no_inference_from_context" time="0.000" /><testcase classname="tests.golden_cases.test_negatives_noise.TestNegativesNoise" name="test_exact_preservation_principle" time="0.000" /></testsuite></testsuites>