<?xml version="1.0" encoding="utf-8"?><testsuites name="pytest tests"><testsuite name="pytest" errors="0" failures="0" skipped="0" tests="4" time="0.011" timestamp="2025-09-02T10:46:00.080648-07:00" hostname="mac.lan"><testcase classname="tests.unit.test_rule_compiler" name="test_amount_preservation_regex_sql_json" time="0.000" /><testcase classname="tests.unit.test_rule_compiler" name="test_link_literal_preservation" time="0.000" /><testcase classname="tests.unit.test_rule_compiler" name="test_category_diff_and_void_exact" time="0.000" /><testcase classname="tests.unit.test_rule_compiler" name="test_missing_fields_raise" time="0.000" /></testsuite></testsuites>