<?xml version="1.0" encoding="utf-8"?><testsuites name="pytest tests"><testsuite name="pytest" errors="0" failures="0" skipped="0" tests="8" time="0.010" timestamp="2025-09-01T20:56:22.658790-07:00" hostname="mac.lan"><testcase classname="tests.golden_cases.test_indicators" name="test_g001_amount_exactness" time="0.000" /><testcase classname="tests.golden_cases.test_indicators" name="test_g002_memo_preservation" time="0.000" /><testcase classname="tests.golden_cases.test_indicators" name="test_g003_link_literal" time="0.000" /><testcase classname="tests.golden_cases.test_indicators" name="test_g010_category_source_check" time="0.000" /><testcase classname="tests.golden_cases.test_new_indicators" name="test_g040_g041_g042_g043_exact_preservation" time="0.000" /><testcase classname="tests.golden_cases.test_new_indicators" name="test_category_diff_is_empty" time="0.000" /><testcase classname="tests.golden_cases.test_new_indicators" name="test_regex_exactness" time="0.000" /><testcase classname="tests.golden_cases.test_new_indicators" name="test_g044_links_optional_and_literal" time="0.000" /></testsuite></testsuites>