<?xml version="1.0" encoding="utf-8"?><testsuites name="pytest tests"><testsuite name="pytest" errors="0" failures="0" skipped="0" tests="2" time="0.011" timestamp="2025-09-01T20:56:22.934930-07:00" hostname="mac.lan"><testcase classname="tests.audit.test_audit_bundle" name="test_audit_bundle_manifest_exists" time="0.002" /><testcase classname="tests.audit.test_audit_package" name="test_audit_package_acceptance" time="0.000" /></testsuite></testsuites>