<?xml version="1.0" encoding="utf-8"?><testsuites name="pytest tests"><testsuite name="pytest" errors="0" failures="0" skipped="0" tests="16" time="0.018" timestamp="2025-09-02T13:33:04.755408-07:00" hostname="mac.lan"><testcase classname="tests.golden_cases.test_display_noise_v03" name="test_no_phone_on_ocr_artifacts" time="0.002" /><testcase classname="tests.golden_cases.test_display_noise_v03" name="test_keyword_not_promoted" time="0.000" /><testcase classname="tests.golden_cases.test_display_noise_v03" name="test_domain_trailing_punct_display_only" time="0.000" /><testcase classname="tests.golden_cases.test_display_noise_v03" name="test_relationships_rendering_when_links_present" time="0.000" /><testcase classname="tests.golden_cases.test_display_noise_v03" name="test_phone_noise_guards" time="0.000" /><testcase classname="tests.golden_cases.test_display_noise_v03" name="test_display_deduplication_structure" time="0.000" /><testcase classname="tests.golden_cases.test_indicators" name="test_g001_amount_exactness" time="0.000" /><testcase classname="tests.golden_cases.test_indicators" name="test_g002_memo_preservation" time="0.000" /><testcase classname="tests.golden_cases.test_indicators" name="test_g003_link_literal" time="0.000" /><testcase classname="tests.golden_cases.test_indicators" name="test_g010_category_source_check" time="0.000" /><testcase classname="tests.golden_cases.test_negatives_noise.TestNegativesNoise" name="test_no_phone_on_ocr_artifacts" time="0.000" /><testcase classname="tests.golden_cases.test_negatives_noise.TestNegativesNoise" name="test_keyword_not_promoted" time="0.000" /><testcase classname="tests.golden_cases.test_negatives_noise.TestNegativesNoise" name="test_domain_trailing_punct_display_only" time="0.000" /><testcase classname="tests.golden_cases.test_negatives_noise.TestNegativesNoise" name="test_phone_quality_filters" time="0.000" /><testcase classname="tests.golden_cases.test_negatives_noise.TestNegativesNoise" name="test_no_inference_from_context" time="0.000" /><testcase classname="tests.golden_cases.test_negatives_noise.TestNegativesNoise" name="test_exact_preservation_principle" time="0.000" /></testsuite></testsuites>